<?xml version="1.0" encoding="UTF-8"?>
<!-- Generated by org.testng.reporters.JUnitXMLReporter -->
<testsuite ignored="0" hostname="DESKTOP-BQM7C8D" failures="0" tests="3" name="Product Purchased TestCases" time="43.409" errors="0" timestamp="2024-06-30T15:26:19 IST">
  <testcase classname="Test.Framework.ProductPurchasedTest" name="main" time="14.353"/>
  <testcase classname="Test.Framework.ProductPurchasedTest" name="main" time="15.557"/>
  <testcase classname="Test.Framework.ProductPurchasedTest" name="orderpageTest" time="0.853"/>
</testsuite> <!-- Product Purchased TestCases -->
