<?xml version="1.0" encoding="UTF-8"?>
<!-- Generated by org.testng.reporters.JUnitXMLReporter -->
<testsuite ignored="0" hostname="DESKTOP-BQM7C8D" failures="0" tests="3" name="Product Purchased TestCases" time="74.45" errors="0" timestamp="2024-07-13T16:55:52 IST">
  <testcase classname="Test.Framework.ProductPurchasedTest" name="main" time="18.243"/>
  <testcase classname="Test.Framework.ProductPurchasedTest" name="main" time="18.244"/>
  <testcase classname="Test.Framework.ProductPurchasedTest" name="orderpageTest" time="1.202"/>
</testsuite> <!-- Product Purchased TestCases -->
