<?xml version="1.0" encoding="UTF-8"?>
<!-- Generated by org.testng.reporters.JUnitXMLReporter -->
<testsuite ignored="0" hostname="DESKTOP-BQM7C8D" failures="0" tests="2" name="Validate Errors TestCases" time="46.885" errors="0" timestamp="2024-07-13T16:55:27 IST">
  <testcase classname="Test.Framework.ValidateErrorsTest" name="loginValidtionMessage" time="4.098"/>
  <testcase classname="Test.Framework.ValidateErrorsTest" name="productnotfoundinCart" time="14.92"/>
</testsuite> <!-- Validate Errors TestCases -->
