<?xml version="1.0" encoding="UTF-8"?>
<testng-results ignored="0" total="5" passed="5" failed="0" skipped="0">
  <reporter-output>
  </reporter-output>
  <suite started-at="2024-07-13T16:54:37 IST" name="Suite" finished-at="2024-07-13T16:55:52 IST" duration-ms="74450">
    <groups>
      <group name="ErrorValdation">
        <method signature="ValidateErrorsTest.loginValidtionMessage()[pri:0, instance:Test.Framework.ValidateErrorsTest@5efa40fe]" name="loginValidtionMessage" class="Test.Framework.ValidateErrorsTest"/>
      </group> <!-- ErrorValdation -->
      <group name="purchasing">
        <method signature="ProductPurchasedTest.main(java.util.HashMap)[pri:0, instance:Test.Framework.ProductPurchasedTest@710636b0]" name="main" class="Test.Framework.ProductPurchasedTest"/>
      </group> <!-- purchasing -->
    </groups>
    <test started-at="2024-07-13T16:54:37 IST" name="Validate Errors TestCases" finished-at="2024-07-13T16:55:24 IST" duration-ms="46885">
      <class name="Test.Framework.ValidateErrorsTest">
        <test-method is-config="true" signature="launchapplication()[pri:0, instance:Test.Framework.ValidateErrorsTest@5efa40fe]" started-at="2024-07-13T16:54:37 IST" name="launchapplication" finished-at="2024-07-13T16:54:46 IST" duration-ms="9062" status="PASS">
          <reporter-output>
          </reporter-output>
        </test-method> <!-- launchapplication -->
        <test-method signature="loginValidtionMessage()[pri:0, instance:Test.Framework.ValidateErrorsTest@5efa40fe]" started-at="2024-07-13T16:54:46 IST" name="loginValidtionMessage" finished-at="2024-07-13T16:54:50 IST" duration-ms="4098" status="PASS">
          <reporter-output>
          </reporter-output>
        </test-method> <!-- loginValidtionMessage -->
        <test-method is-config="true" signature="close()[pri:0, instance:Test.Framework.ValidateErrorsTest@5efa40fe]" started-at="2024-07-13T16:54:50 IST" name="close" finished-at="2024-07-13T16:54:59 IST" duration-ms="8166" status="PASS">
          <reporter-output>
          </reporter-output>
        </test-method> <!-- close -->
        <test-method is-config="true" signature="launchapplication()[pri:0, instance:Test.Framework.ValidateErrorsTest@5efa40fe]" started-at="2024-07-13T16:54:59 IST" name="launchapplication" finished-at="2024-07-13T16:55:04 IST" duration-ms="5421" status="PASS">
          <reporter-output>
          </reporter-output>
        </test-method> <!-- launchapplication -->
        <test-method signature="productnotfoundinCart()[pri:0, instance:Test.Framework.ValidateErrorsTest@5efa40fe]" started-at="2024-07-13T16:55:04 IST" name="productnotfoundinCart" finished-at="2024-07-13T16:55:19 IST" duration-ms="14920" status="PASS">
          <reporter-output>
          </reporter-output>
        </test-method> <!-- productnotfoundinCart -->
        <test-method is-config="true" signature="close()[pri:0, instance:Test.Framework.ValidateErrorsTest@5efa40fe]" started-at="2024-07-13T16:55:19 IST" name="close" finished-at="2024-07-13T16:55:24 IST" duration-ms="5090" status="PASS">
          <reporter-output>
          </reporter-output>
        </test-method> <!-- close -->
      </class> <!-- Test.Framework.ValidateErrorsTest -->
    </test> <!-- Validate Errors TestCases -->
    <test started-at="2024-07-13T16:54:37 IST" name="Product Purchased TestCases" finished-at="2024-07-13T16:55:52 IST" duration-ms="74450">
      <class name="Test.Framework.ProductPurchasedTest">
        <test-method is-config="true" signature="launchapplication()[pri:0, instance:Test.Framework.ProductPurchasedTest@710636b0]" started-at="2024-07-13T16:54:38 IST" name="launchapplication" finished-at="2024-07-13T16:54:49 IST" duration-ms="10801" status="PASS">
          <reporter-output>
          </reporter-output>
        </test-method> <!-- launchapplication -->
        <test-method signature="main(java.util.HashMap)[pri:0, instance:Test.Framework.ProductPurchasedTest@710636b0]" started-at="2024-07-13T16:54:49 IST" name="main" data-provider="dataSetsforTestcases" finished-at="2024-07-13T16:55:07 IST" duration-ms="18243" status="PASS">
          <params>
            <param index="0">
              <value>
                <![CDATA[{password=Test@123, product=IPHONE 13 PRO, email=qatest1@yopmail.com}]]>
              </value>
            </param>
          </params>
          <reporter-output>
          </reporter-output>
        </test-method> <!-- main -->
        <test-method is-config="true" signature="close()[pri:0, instance:Test.Framework.ProductPurchasedTest@710636b0]" started-at="2024-07-13T16:55:07 IST" name="close" finished-at="2024-07-13T16:55:20 IST" duration-ms="12947" status="PASS">
          <reporter-output>
          </reporter-output>
        </test-method> <!-- close -->
        <test-method is-config="true" signature="launchapplication()[pri:0, instance:Test.Framework.ProductPurchasedTest@710636b0]" started-at="2024-07-13T16:55:20 IST" name="launchapplication" finished-at="2024-07-13T16:55:27 IST" duration-ms="6989" status="PASS">
          <reporter-output>
          </reporter-output>
        </test-method> <!-- launchapplication -->
        <test-method signature="main(java.util.HashMap)[pri:0, instance:Test.Framework.ProductPurchasedTest@710636b0]" started-at="2024-07-13T16:55:27 IST" name="main" data-provider="dataSetsforTestcases" finished-at="2024-07-13T16:55:45 IST" duration-ms="18244" status="PASS">
          <params>
            <param index="0">
              <value>
                <![CDATA[{password=Test@123, product=ADIDAS ORIGINAL, email=qatest18@yopmail.com}]]>
              </value>
            </param>
          </params>
          <reporter-output>
          </reporter-output>
        </test-method> <!-- main -->
        <test-method is-config="true" signature="close()[pri:0, instance:Test.Framework.ProductPurchasedTest@710636b0]" started-at="2024-07-13T16:55:45 IST" name="close" finished-at="2024-07-13T16:55:46 IST" duration-ms="632" status="PASS">
          <reporter-output>
          </reporter-output>
        </test-method> <!-- close -->
        <test-method is-config="true" signature="launchapplication()[pri:0, instance:Test.Framework.ProductPurchasedTest@710636b0]" started-at="2024-07-13T16:55:46 IST" name="launchapplication" finished-at="2024-07-13T16:55:50 IST" duration-ms="4206" status="PASS">
          <reporter-output>
          </reporter-output>
        </test-method> <!-- launchapplication -->
        <test-method signature="orderpageTest()[pri:0, instance:Test.Framework.ProductPurchasedTest@710636b0]" started-at="2024-07-13T16:55:50 IST" name="orderpageTest" finished-at="2024-07-13T16:55:51 IST" depends-on-methods="Test.Framework.ProductPurchasedTest.main" duration-ms="1202" status="PASS">
          <reporter-output>
          </reporter-output>
        </test-method> <!-- orderpageTest -->
        <test-method is-config="true" signature="close()[pri:0, instance:Test.Framework.ProductPurchasedTest@710636b0]" started-at="2024-07-13T16:55:51 IST" name="close" finished-at="2024-07-13T16:55:52 IST" duration-ms="446" status="PASS">
          <reporter-output>
          </reporter-output>
        </test-method> <!-- close -->
      </class> <!-- Test.Framework.ProductPurchasedTest -->
    </test> <!-- Product Purchased TestCases -->
  </suite> <!-- Suite -->
</testng-results>
